2015/11/18 08:13:01 [purchase.go:59] [I] UiCurList 
2015/11/18 08:13:06 [main.go:46] [I] User:gdj login as role:role_manager 
2015/11/18 08:13:17 [purchase.go:59] [I] UiCurList 
2015/11/18 08:13:18 [purchase.go:59] [I] UiCurList 
2015/11/18 08:13:20 [main.go:46] [I] User:gdj login as role:role_manager 
2015/11/18 08:13:25 [purchase.go:59] [I] UiCurList 
2015/11/18 08:17:47 [main.go:46] [I] User:gdj login as role:role_manager 
2015/11/18 08:19:17 [main.go:46] [I] User:gdj login as role:role_manager 
2015/11/18 08:28:51 [main.go:46] [I] User:gdj login as role:role_manager 
2015/11/18 08:28:56 [purchase.go:59] [I] UiCurList 
2015/11/18 08:28:56 [purchase.go:59] [I] UiCurList 
2015/11/18 08:28:57 [purchase.go:59] [I] UiCurList 
2015/11/18 08:28:57 [staticfile.go:61] [W] Can't find the file: lib/3rd/bootstrap-editable/bootstrap3-editable/css/bootstrap-editable.css stat lib/3rd/bootstrap-editable/bootstrap3-editable/css/bootstrap-editable.css: no such file or directory 
2015/11/18 08:28:57 [staticfile.go:61] [W] Can't find the file: lib/3rd/bootstrap-editable/bootstrap3-editable/js/bootstrap-editable.js stat lib/3rd/bootstrap-editable/bootstrap3-editable/js/bootstrap-editable.js: no such file or directory 
2015/11/18 08:28:58 [purchase.go:59] [I] UiCurList 
2015/11/18 08:29:36 [main.go:46] [I] User:gdj login as role:role_manager 
2015/11/18 08:29:41 [purchase.go:59] [I] UiCurList 
2015/11/18 08:29:43 [purchase.go:59] [I] UiCurList 
2015/11/18 08:29:52 [staticfile.go:61] [W] Can't find the file: lib/3rd/bootstrap-editable/bootstrap3-editable/css/bootstrap-editable.css stat lib/3rd/bootstrap-editable/bootstrap3-editable/css/bootstrap-editable.css: no such file or directory 
2015/11/18 08:29:53 [staticfile.go:61] [W] Can't find the file: lib/3rd/bootstrap-editable/bootstrap3-editable/css/bootstrap-editable.css stat lib/3rd/bootstrap-editable/bootstrap3-editable/css/bootstrap-editable.css: no such file or directory 
2015/11/18 08:29:55 [purchase.go:59] [I] UiCurList 
2015/11/18 08:29:56 [purchase.go:59] [I] UiCurList 
2015/11/18 08:29:59 [purchase.go:59] [I] UiCurList 
2015/11/18 08:30:00 [purchase.go:59] [I] UiCurList 
2015/11/18 08:30:19 [main.go:46] [I] User:gdj login as role:role_manager 
2015/11/18 08:30:22 [purchase.go:59] [I] UiCurList 
2015/11/18 08:30:49 [main.go:46] [I] User:gdj login as role:role_manager 
2015/11/18 08:32:12 [main.go:46] [I] User:gdj login as role:role_manager 
2015/11/18 08:32:14 [purchase.go:59] [I] UiCurList 
2015/11/18 08:32:43 [main.go:46] [I] User:gdj login as role:role_manager 
2015/11/18 08:32:45 [purchase.go:59] [I] UiCurList 
2015/11/18 08:32:47 [purchase.go:59] [I] UiCurList 
2015/11/18 08:33:18 [main.go:46] [I] User:gdj login as role:role_manager 
2015/11/18 08:34:24 [main.go:46] [I] User:gdj login as role:role_manager 
2015/11/18 08:36:35 [main.go:46] [I] User:gdj login as role:role_manager 
2015/11/18 08:36:42 [purchase.go:59] [I] UiCurList 
2015/11/18 08:36:42 [purchase.go:59] [I] UiCurList 
2015/11/18 08:36:43 [purchase.go:59] [I] UiCurList 
2015/11/18 08:37:04 [main.go:46] [I] User:gdj login as role:role_manager 
2015/11/18 08:37:24 [purchase.go:59] [I] UiCurList 
2015/11/18 08:37:27 [purchase.go:59] [I] UiCurList 
2015/11/18 08:38:45 [main.go:46] [I] User:gdj login as role:role_manager 
2015/11/18 08:38:47 [purchase.go:59] [I] UiCurList 
2015/11/18 08:38:48 [purchase.go:59] [I] UiCurList 
2015/11/18 08:38:51 [purchase.go:59] [I] UiCurList 
2015/11/18 08:38:53 [purchase.go:59] [I] UiCurList 
2015/11/18 08:38:57 [staticfile.go:61] [W] Can't find the file: lib/3rd/bootstrap-editable/bootstrap3-editable/css/bootstrap-editable.css stat lib/3rd/bootstrap-editable/bootstrap3-editable/css/bootstrap-editable.css: no such file or directory 
2015/11/18 08:38:58 [staticfile.go:61] [W] Can't find the file: lib/3rd/bootstrap-editable/bootstrap3-editable/css/bootstrap-editable.css stat lib/3rd/bootstrap-editable/bootstrap3-editable/css/bootstrap-editable.css: no such file or directory 
2015/11/18 08:39:01 [staticfile.go:61] [W] Can't find the file: lib/3rd/bootstrap-editable/bootstrap3-editable/css/bootstrap-editable.css stat lib/3rd/bootstrap-editable/bootstrap3-editable/css/bootstrap-editable.css: no such file or directory 
2015/11/18 08:39:12 [purchase.go:59] [I] UiCurList 
2015/11/18 08:39:13 [purchase.go:59] [I] UiCurList 
2015/11/18 08:39:38 [purchase.go:59] [I] UiCurList 
2015/11/18 08:39:39 [staticfile.go:61] [W] Can't find the file: lib/3rd/bootstrap-editable/bootstrap3-editable/css/bootstrap-editable.css stat lib/3rd/bootstrap-editable/bootstrap3-editable/css/bootstrap-editable.css: no such file or directory 
2015/11/18 08:39:39 [staticfile.go:61] [W] Can't find the file: lib/3rd/bootstrap-editable/bootstrap3-editable/js/bootstrap-editable.js stat lib/3rd/bootstrap-editable/bootstrap3-editable/js/bootstrap-editable.js: no such file or directory 
2015/11/18 08:39:40 [purchase.go:59] [I] UiCurList 
2015/11/18 08:40:27 [main.go:46] [I] User:gdj login as role:role_manager 
2015/11/18 08:40:29 [purchase.go:59] [I] UiCurList 
2015/11/18 08:40:30 [purchase.go:59] [I] UiCurList 
2015/11/18 08:40:33 [staticfile.go:61] [W] Can't find the file: lib/3rd/bootstrap-editable/bootstrap3-editable/css/bootstrap-editable.css stat lib/3rd/bootstrap-editable/bootstrap3-editable/css/bootstrap-editable.css: no such file or directory 
2015/11/18 08:40:36 [purchase.go:59] [I] UiCurList 
2015/11/18 08:40:37 [purchase.go:59] [I] UiCurList 
2015/11/18 08:41:49 [main.go:46] [I] User:gdj login as role:role_manager 
2015/11/18 08:41:52 [purchase.go:59] [I] UiCurList 
2015/11/18 08:41:55 [purchase.go:59] [I] UiCurList 
2015/11/18 08:41:56 [purchase.go:59] [I] UiCurList 
2015/11/18 08:41:58 [purchase.go:59] [I] UiCurList 
2015/11/18 08:41:58 [purchase.go:59] [I] UiCurList 
2015/11/18 08:47:13 [purchase.go:59] [I] UiCurList 
2015/11/18 08:52:15 [purchase.go:59] [I] UiCurList 
2015/11/18 08:52:22 [main.go:46] [I] User:gdj login as role:role_manager 
2015/11/18 08:52:41 [purchase.go:59] [I] UiCurList 
2015/11/18 08:53:25 [main.go:46] [I] User:gdj login as role:role_manager 
2015/11/18 08:54:25 [main.go:46] [I] User:gdj login as role:role_manager 
2015/11/18 08:57:33 [main.go:46] [I] User:gdj login as role:role_manager 
2015/11/18 08:57:50 [svc.go:123] [E] [{sn string 编号 none false false sn []   {true true asc true} false} {category string 类别 select true false enum [{cate_engine cate_engine cate_engine} {cate_generator cate_generator cate_generator} {cate_waterbox cate_waterbox cate_waterbox} {cate_parts cate_parts cate_parts} {cate_epart cate_epart cate_epart} {cate_other cate_other cate_other} {cate_newpdt cate_newpdt cate_newpdt}]   {true true  true} false} {productname string 商品名称 text true false text []   {true true  true} false} {product string sn none true false text []   {true true  true} false} {brand string 品牌 text true false text []   {true true  true} false} {model string 型号 text true false text []   {true true  true} false} {power float 功率 float true false text []   {true true  true} false} {num string 数量 text true false text []  1 {true true  true} false} {placedate string 下单日期 date true false text []  curtime {true true  true} false} {requireddate string 需用日期 date true false text []   {true true  true} false} {requireddepartment string 申请部门 text true false text []   {true true  true} false} {unitprice float 单价 money false false text []   {true true  true} false} {productprice float 参考价 money false false text []   {true true  true} false} {totalprice float 总价 money false false text []   {true true  true} false} {freightprice float 运费 money false false text []   {true true  true} false} {supplier string 供应商关键字 text true false text []   {true true  true} false} {suppliername string 供应商 text true false text []   {true true  true} false} {buyer string 采购人 select true false enum [{20150729203140000 admin admin} {20150804174916001 gdj 郭东进}]   {true true  true} false} {orderdate string 订货日期 date false false text []   {true true desc true} false} {predictdeliverydate string 预计发货日期 date false false text []   {true true  true} false} {actualdeliverydate string 实际发货日 date false false text []   {true true  true} false} {arrivaldate string 到货日期 date false false text []   {true true  true} false} {godowndate string 入库日期 date false false text []   {true true  true} false} {paymentamount string 付款金额 money false false text []   {true true asc false} false} {paymentdate string 付款日期 date false false text []   {true true asc false} false} {file string 附件 upload false false upload []   {true true asc false} false} {mark string 备注 text false false text []   {true true  true} false} {creater string 创建人 none false false curuser []   {false false  false} false} {createtime time 创建时间 none false false curtime []   {false false  false} false}] 
2015/11/18 08:58:17 [purchase.go:59] [I] UiCurList 
2015/11/18 08:58:54 [main.go:46] [I] User:gdj login as role:role_manager 
2015/11/18 08:59:12 [main.go:46] [I] User:gdj login as role:role_manager 
2015/11/18 08:59:56 [purchase.go:59] [I] UiCurList 
2015/11/18 09:03:24 [main.go:46] [I] User:gdj login as role:role_manager 
2015/11/18 09:09:28 [main.go:46] [I] User:gdj login as role:role_manager 
2015/11/18 09:09:42 [main.go:46] [I] User:gdj login as role:role_manager 
2015/11/18 09:12:08 [main.go:46] [I] User:gdj login as role:role_manager 
2015/11/18 09:15:40 [main.go:46] [I] User:gdj login as role:role_manager 
2015/11/18 09:18:08 [main.go:46] [I] User:gdj login as role:role_manager 
2015/11/18 09:18:52 [main.go:46] [I] User:gdj login as role:role_manager 
2015/11/18 09:19:50 [main.go:46] [I] User:gdj login as role:role_manager 
2015/11/18 09:23:02 [main.go:46] [I] User:gdj login as role:role_manager 
2015/11/18 09:23:18 [main.go:46] [I] User:gdj login as role:role_manager 
2015/11/18 09:29:15 [main.go:46] [I] User:gdj login as role:role_manager 
2015/11/18 09:37:15 [main.go:46] [I] User:gdj login as role:role_manager 
2015/11/18 09:37:18 [purchase.go:59] [I] UiCurList 
2015/11/18 09:37:24 [main.go:46] [I] User:gdj login as role:role_manager 
2015/11/18 09:37:43 [main.go:46] [I] User:gdj login as role:role_manager 
2015/11/18 09:44:04 [main.go:46] [I] User:gdj login as role:role_manager 
2015/11/18 09:44:52 [main.go:46] [I] User:gdj login as role:role_manager 
2015/11/18 09:46:45 [main.go:46] [I] User:gdj login as role:role_manager 
2015/11/18 09:48:35 [main.go:46] [I] User:gdj login as role:role_manager 
2015/11/18 09:48:44 [main.go:46] [I] User:gdj login as role:role_manager 
2015/11/18 09:54:37 [main.go:46] [I] User:gdj login as role:role_manager 
2015/11/18 09:55:09 [main.go:46] [I] User:gdj login as role:role_manager 
2015/11/18 09:55:16 [main.go:46] [I] User:gdj login as role:role_manager 
2015/11/18 09:55:37 [main.go:46] [I] User:gdj login as role:role_manager 
2015/11/18 09:56:09 [main.go:46] [I] User:gdj login as role:role_manager 
2015/11/18 09:56:29 [main.go:46] [I] User:gdj login as role:role_manager 
2015/11/18 09:57:32 [main.go:46] [I] User:gdj login as role:role_manager 
2015/11/18 09:57:44 [purchase.go:59] [I] UiCurList 
2015/11/18 09:58:13 [main.go:46] [I] User:gdj login as role:role_manager 
2015/11/18 09:59:23 [main.go:46] [I] User:gdj login as role:role_manager 
2015/11/18 09:59:47 [main.go:46] [I] User:gdj login as role:role_manager 
2015/11/18 10:00:19 [main.go:46] [I] User:gdj login as role:role_manager 
2015/11/18 10:00:34 [main.go:46] [I] User:gdj login as role:role_manager 
2015/11/18 10:04:16 [main.go:46] [I] User:gdj login as role:role_manager 
2015/11/18 10:04:30 [main.go:46] [I] User:gdj login as role:role_manager 
2015/11/18 10:38:13 [asm_amd64.s:1696] [I] http server Running on :8080
2015/11/18 10:38:13 [asm_amd64.s:1696] [C] ListenAndServe: %!(EXTRA *net.OpError=listen tcp :8080: bind: address already in use)
2015/11/18 10:39:20 [asm_amd64.s:1696] [I] http server Running on :8080
2015/11/18 10:39:24 [main.go:46] [I] User:gdj login as role:role_manager 
2015/11/18 10:39:41 [purchase.go:59] [I] UiCurList 
2015/11/18 10:39:44 [purchase.go:59] [I] UiCurList 
2015/11/18 10:40:01 [svc.go:123] [E] [{sn string 编号 none false false sn []   {true true asc true} false} {category string 类别 select true false enum [{cate_engine cate_engine cate_engine} {cate_generator cate_generator cate_generator} {cate_waterbox cate_waterbox cate_waterbox} {cate_parts cate_parts cate_parts} {cate_epart cate_epart cate_epart} {cate_other cate_other cate_other} {cate_newpdt cate_newpdt cate_newpdt}]   {true true  true} false} {productname string 商品名称 text true false text []   {true true  true} false} {product string sn none true false text []   {true true  true} false} {brand string 品牌 text true false text []   {true true  true} false} {model string 型号 text true false text []   {true true  true} false} {power float 功率 float true false text []   {true true  true} false} {num string 数量 text true false text []  1 {true true  true} false} {placedate string 下单日期 date true false text []  curtime {true true  true} false} {requireddate string 需用日期 date true false text []   {true true  true} false} {requireddepartment string 申请部门 text true false text []   {true true  true} false} {unitprice float 单价 money false false text []   {true true  true} false} {productprice float 参考价 money false false text []   {true true  true} false} {totalprice float 总价 money false false text []   {true true  true} false} {freightprice float 运费 money false false text []   {true true  true} false} {supplier string 供应商关键字 text true false text []   {true true  true} false} {suppliername string 供应商 text true false text []   {true true  true} false} {buyer string 采购人 select true false enum []   {true true  true} false} {orderdate string 订货日期 date false false text []   {true true desc true} false} {predictdeliverydate string 预计发货日期 date false false text []   {true true  true} false} {actualdeliverydate string 实际发货日 date false false text []   {true true  true} false} {arrivaldate string 到货日期 date false false text []   {true true  true} false} {godowndate string 入库日期 date false false text []   {true true  true} false} {paymentamount string 付款金额 money false false text []   {true true asc false} false} {paymentdate string 付款日期 date false false text []   {true true asc false} false} {file string 附件 upload false false upload []   {true true asc false} false} {mark string 备注 text false false text []   {true true  true} false} {creater string 创建人 none false false curuser []   {false false  false} false} {createtime time 创建时间 none false false curtime []   {false false  false} false}] 
2015/11/18 10:40:11 [svc.go:123] [E] [{sn string 编号 none false false sn []   {true true asc true} false} {category string 类别 select true false enum [{cate_engine cate_engine cate_engine} {cate_generator cate_generator cate_generator} {cate_waterbox cate_waterbox cate_waterbox} {cate_parts cate_parts cate_parts} {cate_epart cate_epart cate_epart} {cate_other cate_other cate_other} {cate_newpdt cate_newpdt cate_newpdt}]   {true true  true} false} {productname string 商品名称 text true false text []   {true true  true} false} {product string sn none true false text []   {true true  true} false} {brand string 品牌 text true false text []   {true true  true} false} {model string 型号 text true false text []   {true true  true} false} {power float 功率 float true false text []   {true true  true} false} {num string 数量 text true false text []  1 {true true  true} false} {placedate string 下单日期 date true false text []  curtime {true true  true} false} {requireddate string 需用日期 date true false text []   {true true  true} false} {requireddepartment string 申请部门 text true false text []   {true true  true} false} {unitprice float 单价 money false false text []   {true true  true} false} {productprice float 参考价 money false false text []   {true true  true} false} {totalprice float 总价 money false false text []   {true true  true} false} {freightprice float 运费 money false false text []   {true true  true} false} {supplier string 供应商关键字 text true false text []   {true true  true} false} {suppliername string 供应商 text true false text []   {true true  true} false} {buyer string 采购人 select true false enum []   {true true  true} false} {orderdate string 订货日期 date false false text []   {true true desc true} false} {predictdeliverydate string 预计发货日期 date false false text []   {true true  true} false} {actualdeliverydate string 实际发货日 date false false text []   {true true  true} false} {arrivaldate string 到货日期 date false false text []   {true true  true} false} {godowndate string 入库日期 date false false text []   {true true  true} false} {paymentamount string 付款金额 money false false text []   {true true asc false} false} {paymentdate string 付款日期 date false false text []   {true true asc false} false} {file string 附件 upload false false upload []   {true true asc false} false} {mark string 备注 text false false text []   {true true  true} false} {creater string 创建人 none false false curuser []   {false false  false} false} {createtime time 创建时间 none false false curtime []   {false false  false} false}] 
2015/11/18 10:40:15 [purchase.go:59] [I] UiCurList 
2015/11/18 10:40:36 [purchase.go:59] [I] UiCurList 
2015/11/18 11:14:18 [purchase.go:59] [I] UiCurList 
2015/11/18 11:14:20 [staticfile.go:61] [W] Can't find the file: lib/3rd/bootstrap-editable/bootstrap3-editable/css/bootstrap-editable.css stat lib/3rd/bootstrap-editable/bootstrap3-editable/css/bootstrap-editable.css: no such file or directory 
2015/11/18 11:14:21 [staticfile.go:61] [W] Can't find the file: lib/3rd/bootstrap-editable/bootstrap3-editable/css/bootstrap-editable.css stat lib/3rd/bootstrap-editable/bootstrap3-editable/css/bootstrap-editable.css: no such file or directory 
2015/11/18 11:14:22 [staticfile.go:61] [W] Can't find the file: lib/3rd/bootstrap-editable/bootstrap3-editable/css/bootstrap-editable.css stat lib/3rd/bootstrap-editable/bootstrap3-editable/css/bootstrap-editable.css: no such file or directory 
2015/11/18 11:14:22 [staticfile.go:61] [W] Can't find the file: lib/3rd/bootstrap-editable/bootstrap3-editable/css/bootstrap-editable.css stat lib/3rd/bootstrap-editable/bootstrap3-editable/css/bootstrap-editable.css: no such file or directory 
2015/11/18 11:14:23 [staticfile.go:61] [W] Can't find the file: lib/3rd/bootstrap-editable/bootstrap3-editable/css/bootstrap-editable.css stat lib/3rd/bootstrap-editable/bootstrap3-editable/css/bootstrap-editable.css: no such file or directory 
2015/11/18 11:14:23 [staticfile.go:61] [W] Can't find the file: lib/3rd/bootstrap-editable/bootstrap3-editable/css/bootstrap-editable.css stat lib/3rd/bootstrap-editable/bootstrap3-editable/css/bootstrap-editable.css: no such file or directory 
2015/11/18 11:14:25 [purchase.go:59] [I] UiCurList 
2015/11/18 11:14:25 [purchase.go:59] [I] UiCurList 
2015/11/18 11:14:27 [purchase.go:59] [I] UiCurList 
2015/11/18 11:14:27 [purchase.go:59] [I] UiCurList 
2015/11/18 11:14:27 [staticfile.go:61] [W] Can't find the file: lib/3rd/bootstrap-editable/bootstrap3-editable/css/bootstrap-editable.css stat lib/3rd/bootstrap-editable/bootstrap3-editable/css/bootstrap-editable.css: no such file or directory 
2015/11/18 11:14:27 [staticfile.go:61] [W] Can't find the file: lib/3rd/bootstrap-editable/bootstrap3-editable/js/bootstrap-editable.js stat lib/3rd/bootstrap-editable/bootstrap3-editable/js/bootstrap-editable.js: no such file or directory 
2015/11/18 11:14:31 [language.go:47] [E] GetLang error key:yes 
2015/11/18 11:14:31 [language.go:47] [E] GetLang error key:yes 
2015/11/18 11:14:31 [language.go:47] [E] GetLang error key:no 
2015/11/18 11:14:31 [language.go:47] [E] GetLang error key:yes 
2015/11/18 11:14:31 [language.go:47] [E] GetLang error key:no 
2015/11/18 11:14:31 [language.go:47] [E] GetLang error key:no 
2015/11/18 11:14:31 [language.go:47] [E] GetLang error key:yes 
2015/11/18 11:14:31 [language.go:47] [E] GetLang error key:yes 
2015/11/18 11:14:37 [purchase.go:59] [I] UiCurList 
2015/11/18 11:15:43 [purchase.go:59] [I] UiCurList 
2015/11/18 11:16:36 [purchase.go:59] [I] UiCurList 
2015/11/18 11:16:37 [purchase.go:59] [I] UiCurList 
2015/11/18 11:20:42 [purchase.go:59] [I] UiCurList 
2015/11/18 11:20:42 [staticfile.go:61] [W] Can't find the file: lib/3rd/bootstrap-editable/bootstrap3-editable/css/bootstrap-editable.css stat lib/3rd/bootstrap-editable/bootstrap3-editable/css/bootstrap-editable.css: no such file or directory 
2015/11/18 11:20:42 [staticfile.go:61] [W] Can't find the file: lib/3rd/bootstrap-editable/bootstrap3-editable/js/bootstrap-editable.js stat lib/3rd/bootstrap-editable/bootstrap3-editable/js/bootstrap-editable.js: no such file or directory 
2015/11/18 11:20:46 [language.go:47] [E] GetLang error key:yes 
2015/11/18 11:20:46 [language.go:47] [E] GetLang error key:yes 
2015/11/18 11:20:46 [language.go:47] [E] GetLang error key:no 
2015/11/18 11:20:46 [language.go:47] [E] GetLang error key:yes 
2015/11/18 11:20:46 [language.go:47] [E] GetLang error key:no 
2015/11/18 11:20:46 [language.go:47] [E] GetLang error key:no 
2015/11/18 11:20:46 [language.go:47] [E] GetLang error key:yes 
2015/11/18 11:20:46 [language.go:47] [E] GetLang error key:yes 
2015/11/18 11:21:18 [purchase.go:59] [I] UiCurList 
2015/11/18 11:21:47 [purchase.go:59] [I] UiCurList 
2015/11/18 11:21:47 [staticfile.go:61] [W] Can't find the file: lib/3rd/bootstrap-editable/bootstrap3-editable/css/bootstrap-editable.css stat lib/3rd/bootstrap-editable/bootstrap3-editable/css/bootstrap-editable.css: no such file or directory 
2015/11/18 11:21:47 [staticfile.go:61] [W] Can't find the file: lib/3rd/bootstrap-editable/bootstrap3-editable/js/bootstrap-editable.js stat lib/3rd/bootstrap-editable/bootstrap3-editable/js/bootstrap-editable.js: no such file or directory 
2015/11/18 11:22:12 [main.go:46] [I] User:gdj login as role:role_manager 
2015/11/18 11:22:40 [main.go:46] [I] User:gdj login as role:role_manager 
2015/11/18 11:22:57 [main.go:46] [I] User:gdj login as role:role_manager 
2015/11/18 11:23:20 [main.go:46] [I] User:gdj login as role:role_manager 
2015/11/18 11:23:39 [main.go:46] [I] User:gdj login as role:role_manager 
2015/11/18 11:24:09 [main.go:46] [I] User:gdj login as role:role_manager 
2015/11/18 11:24:28 [main.go:46] [I] User:gdj login as role:role_manager 
2015/11/18 11:24:47 [main.go:46] [I] User:gdj login as role:role_manager 
2015/11/18 11:31:32 [main.go:46] [I] User:gdj login as role:role_manager 
2015/11/18 11:32:35 [main.go:46] [I] User:gdj login as role:role_manager 
2015/11/18 11:32:37 [purchase.go:59] [I] UiCurList 
2015/11/18 11:32:40 [purchase.go:59] [I] UiCurList 
2015/11/18 11:32:42 [purchase.go:59] [I] UiCurList 
2015/11/18 11:32:43 [purchase.go:59] [I] UiCurList 
2015/11/18 11:32:44 [purchase.go:59] [I] UiCurList 
2015/11/18 11:33:47 [main.go:46] [I] User:gdj login as role:role_manager 
2015/11/18 11:34:00 [main.go:46] [I] User:gdj login as role:role_manager 
